<?xml version="1.0" encoding="UTF-8"?>
<testng-results skipped="0" failed="0" ignored="0" total="0" passed="0">
  <reporter-output>
  </reporter-output>
  <suite name="Suite" duration-ms="5" started-at="2018-10-24T06:23:23Z" finished-at="2018-10-24T06:23:23Z">
    <groups>
    </groups>
    <test name="praticetest grouping" duration-ms="5" started-at="2018-10-24T06:23:23Z" finished-at="2018-10-24T06:23:23Z">
    </test> <!-- praticetest grouping -->
  </suite> <!-- Suite -->
</testng-results>
